十二月 13, 2017 3:12:16 下午 org.eclipse.birt.chart.device.swt.SwtDisplayServer <init>
信息: SWT Display Server: win32 v4,430
十二月 13, 2017 3:12:17 下午 org.eclipse.birt.chart.device.swt.R31Enhance <clinit>
信息: Advanced SWT graphics functions enabled.
十二月 13, 2017 3:12:17 下午 org.eclipse.birt.chart.device.swt.SwtRendererImpl setProperty
信息: Using graphics context org.eclipse.swt.graphics.GC@GC {-218029794}
十二月 13, 2017 3:12:18 下午 org.eclipse.birt.chart.script.AbstractScriptHandler register
信息: Trying to load Chart Java event handler class...
十二月 13, 2017 3:12:18 下午 org.eclipse.birt.chart.script.AbstractScriptHandler register
信息: A Chart Java event handler class [class org.eclipse.mat.impl.chart.StorageUnitRenderScript] has been loaded successfully.
十二月 13, 2017 3:12:19 下午 org.eclipse.birt.chart.render.EmptyWithoutAxes renderSeries
信息: org.eclipse.birt.chart.render.EmptyWithoutAxes: renderSeries() [1/2]
十二月 13, 2017 3:12:19 下午 org.eclipse.birt.chart.extension.render.Pie renderSeries
信息: {0}: renderSeries() [{1}/{2}]org.eclipse.birt.chart.extension.render.Pie22
十二月 13, 2017 3:12:33 下午 org.eclipse.birt.chart.device.swing.SwingDisplayServer <init>
信息: SWING Display Server: Oracle Corporation v1.8.0_131
十二月 13, 2017 3:12:34 下午 org.eclipse.birt.chart.script.AbstractScriptHandler register
信息: Trying to load Chart Java event handler class...
十二月 13, 2017 3:12:34 下午 org.eclipse.birt.chart.script.AbstractScriptHandler register
信息: A Chart Java event handler class [class org.eclipse.mat.impl.chart.LabelRenderScript] has been loaded successfully.
十二月 13, 2017 3:12:34 下午 org.eclipse.birt.chart.device.swt.SwtRendererImpl setProperty
信息: Using graphics context org.eclipse.swt.graphics.GC@GC {-1727978956}
十二月 13, 2017 3:12:34 下午 org.eclipse.birt.chart.script.AbstractScriptHandler register
信息: Trying to load Chart Java event handler class...
十二月 13, 2017 3:12:34 下午 org.eclipse.birt.chart.script.AbstractScriptHandler register
信息: A Chart Java event handler class [class org.eclipse.mat.impl.chart.StorageUnitRenderScript] has been loaded successfully.
十二月 13, 2017 3:12:34 下午 org.eclipse.birt.chart.render.EmptyWithoutAxes renderSeries
信息: org.eclipse.birt.chart.render.EmptyWithoutAxes: renderSeries() [1/2]
十二月 13, 2017 3:12:34 下午 org.eclipse.birt.chart.extension.render.Pie renderSeries
信息: {0}: renderSeries() [{1}/{2}]org.eclipse.birt.chart.extension.render.Pie22
十二月 13, 2017 3:12:34 下午 org.eclipse.birt.chart.device.swing.SwingRendererImpl prepareGraphicsContext
信息: Using graphics context sun.java2d.SunGraphics2D[font=java.awt.Font[family=Dialog,name=Dialog,style=plain,size=12],color=java.awt.Color[r=255,g=255,b=255]]
十二月 13, 2017 3:12:34 下午 org.eclipse.birt.chart.render.EmptyWithoutAxes renderSeries
信息: org.eclipse.birt.chart.render.EmptyWithoutAxes: renderSeries() [1/2]
十二月 13, 2017 3:12:34 下午 org.eclipse.birt.chart.extension.render.Pie renderSeries
信息: {0}: renderSeries() [{1}/{2}]org.eclipse.birt.chart.extension.render.Pie22
十二月 13, 2017 3:12:35 下午 org.eclipse.birt.chart.device.image.JavaxImageIOWriter after
信息: Using {0} image writer {1}pngcom.sun.imageio.plugins.png.PNGImageWriter
十二月 13, 2017 3:12:35 下午 org.eclipse.birt.chart.device.swing.SwingDisplayServer <init>
信息: SWING Display Server: Oracle Corporation v1.8.0_131
十二月 13, 2017 3:12:35 下午 org.eclipse.birt.chart.script.AbstractScriptHandler register
信息: Trying to load Chart Java event handler class...
十二月 13, 2017 3:12:35 下午 org.eclipse.birt.chart.script.AbstractScriptHandler register
信息: A Chart Java event handler class [class org.eclipse.mat.impl.chart.LabelRenderScript] has been loaded successfully.
十二月 13, 2017 3:12:36 下午 org.eclipse.birt.chart.device.swing.SwingRendererImpl prepareGraphicsContext
信息: Using graphics context sun.java2d.SunGraphics2D[font=java.awt.Font[family=Dialog,name=Dialog,style=plain,size=12],color=java.awt.Color[r=255,g=255,b=255]]
十二月 13, 2017 3:12:36 下午 org.eclipse.birt.chart.render.EmptyWithoutAxes renderSeries
信息: org.eclipse.birt.chart.render.EmptyWithoutAxes: renderSeries() [1/2]
十二月 13, 2017 3:12:36 下午 org.eclipse.birt.chart.extension.render.Pie renderSeries
信息: {0}: renderSeries() [{1}/{2}]org.eclipse.birt.chart.extension.render.Pie22
十二月 13, 2017 3:12:36 下午 org.eclipse.birt.chart.device.image.JavaxImageIOWriter after
信息: Using {0} image writer {1}pngcom.sun.imageio.plugins.png.PNGImageWriter
十二月 13, 2017 3:12:37 下午 org.eclipse.birt.chart.device.swing.SwingDisplayServer <init>
信息: SWING Display Server: Oracle Corporation v1.8.0_131
十二月 13, 2017 3:12:37 下午 org.eclipse.birt.chart.script.AbstractScriptHandler register
信息: Trying to load Chart Java event handler class...
十二月 13, 2017 3:12:37 下午 org.eclipse.birt.chart.script.AbstractScriptHandler register
信息: A Chart Java event handler class [class org.eclipse.mat.impl.chart.LabelRenderScript] has been loaded successfully.
十二月 13, 2017 3:12:37 下午 org.eclipse.birt.chart.device.swing.SwingRendererImpl prepareGraphicsContext
信息: Using graphics context sun.java2d.SunGraphics2D[font=java.awt.Font[family=Dialog,name=Dialog,style=plain,size=12],color=java.awt.Color[r=255,g=255,b=255]]
十二月 13, 2017 3:12:37 下午 org.eclipse.birt.chart.render.EmptyWithoutAxes renderSeries
信息: org.eclipse.birt.chart.render.EmptyWithoutAxes: renderSeries() [1/2]
十二月 13, 2017 3:12:37 下午 org.eclipse.birt.chart.extension.render.Pie renderSeries
信息: {0}: renderSeries() [{1}/{2}]org.eclipse.birt.chart.extension.render.Pie22
十二月 13, 2017 3:12:37 下午 org.eclipse.birt.chart.device.image.JavaxImageIOWriter after
信息: Using {0} image writer {1}pngcom.sun.imageio.plugins.png.PNGImageWriter
十二月 13, 2017 3:12:41 下午 org.eclipse.birt.chart.device.swing.SwingDisplayServer <init>
信息: SWING Display Server: Oracle Corporation v1.8.0_131
十二月 13, 2017 3:12:41 下午 org.eclipse.birt.chart.script.AbstractScriptHandler register
信息: Trying to load Chart Java event handler class...
十二月 13, 2017 3:12:41 下午 org.eclipse.birt.chart.script.AbstractScriptHandler register
信息: A Chart Java event handler class [class org.eclipse.mat.impl.chart.LabelRenderScript] has been loaded successfully.
十二月 13, 2017 3:12:41 下午 org.eclipse.birt.chart.device.swing.SwingRendererImpl prepareGraphicsContext
信息: Using graphics context sun.java2d.SunGraphics2D[font=java.awt.Font[family=Dialog,name=Dialog,style=plain,size=12],color=java.awt.Color[r=255,g=255,b=255]]
十二月 13, 2017 3:12:41 下午 org.eclipse.birt.chart.render.EmptyWithoutAxes renderSeries
信息: org.eclipse.birt.chart.render.EmptyWithoutAxes: renderSeries() [1/2]
十二月 13, 2017 3:12:41 下午 org.eclipse.birt.chart.extension.render.Pie renderSeries
信息: {0}: renderSeries() [{1}/{2}]org.eclipse.birt.chart.extension.render.Pie22
十二月 13, 2017 3:12:41 下午 org.eclipse.birt.chart.device.image.JavaxImageIOWriter after
信息: Using {0} image writer {1}pngcom.sun.imageio.plugins.png.PNGImageWriter
十二月 13, 2017 3:25:28 下午 org.eclipse.birt.chart.device.swt.SwtRendererImpl setProperty
信息: Using graphics context org.eclipse.swt.graphics.GC@GC {-285138166}
十二月 13, 2017 3:25:28 下午 org.eclipse.birt.chart.script.AbstractScriptHandler register
信息: Trying to load Chart Java event handler class...
十二月 13, 2017 3:25:28 下午 org.eclipse.birt.chart.script.AbstractScriptHandler register
信息: A Chart Java event handler class [class org.eclipse.mat.impl.chart.StorageUnitRenderScript] has been loaded successfully.
十二月 13, 2017 3:25:28 下午 org.eclipse.birt.chart.render.EmptyWithoutAxes renderSeries
信息: org.eclipse.birt.chart.render.EmptyWithoutAxes: renderSeries() [1/2]
十二月 13, 2017 3:25:28 下午 org.eclipse.birt.chart.extension.render.Pie renderSeries
信息: {0}: renderSeries() [{1}/{2}]org.eclipse.birt.chart.extension.render.Pie22
十二月 13, 2017 3:25:45 下午 org.eclipse.birt.chart.device.swt.SwtRendererImpl setProperty
信息: Using graphics context org.eclipse.swt.graphics.GC@GC {-385801635}
十二月 13, 2017 3:25:45 下午 org.eclipse.birt.chart.script.AbstractScriptHandler register
信息: Trying to load Chart Java event handler class...
十二月 13, 2017 3:25:45 下午 org.eclipse.birt.chart.script.AbstractScriptHandler register
信息: A Chart Java event handler class [class org.eclipse.mat.impl.chart.StorageUnitRenderScript] has been loaded successfully.
十二月 13, 2017 3:25:45 下午 org.eclipse.birt.chart.render.EmptyWithoutAxes renderSeries
信息: org.eclipse.birt.chart.render.EmptyWithoutAxes: renderSeries() [1/2]
十二月 13, 2017 3:25:45 下午 org.eclipse.birt.chart.extension.render.Pie renderSeries
信息: {0}: renderSeries() [{1}/{2}]org.eclipse.birt.chart.extension.render.Pie22
十二月 13, 2017 3:26:50 下午 org.eclipse.birt.chart.device.swt.SwtRendererImpl setProperty
信息: Using graphics context org.eclipse.swt.graphics.GC@GC {318838041}
十二月 13, 2017 3:26:50 下午 org.eclipse.birt.chart.script.AbstractScriptHandler register
信息: Trying to load Chart Java event handler class...
十二月 13, 2017 3:26:50 下午 org.eclipse.birt.chart.script.AbstractScriptHandler register
信息: A Chart Java event handler class [class org.eclipse.mat.impl.chart.StorageUnitRenderScript] has been loaded successfully.
十二月 13, 2017 3:26:50 下午 org.eclipse.birt.chart.render.EmptyWithoutAxes renderSeries
信息: org.eclipse.birt.chart.render.EmptyWithoutAxes: renderSeries() [1/2]
十二月 13, 2017 3:26:50 下午 org.eclipse.birt.chart.extension.render.Pie renderSeries
信息: {0}: renderSeries() [{1}/{2}]org.eclipse.birt.chart.extension.render.Pie22
十二月 13, 2017 3:28:48 下午 org.eclipse.birt.chart.device.swt.SwtRendererImpl setProperty
信息: Using graphics context org.eclipse.swt.graphics.GC@GC {-1576983759}
十二月 13, 2017 3:28:48 下午 org.eclipse.birt.chart.script.AbstractScriptHandler register
信息: Trying to load Chart Java event handler class...
十二月 13, 2017 3:28:48 下午 org.eclipse.birt.chart.script.AbstractScriptHandler register
信息: A Chart Java event handler class [class org.eclipse.mat.impl.chart.StorageUnitRenderScript] has been loaded successfully.
十二月 13, 2017 3:28:48 下午 org.eclipse.birt.chart.render.EmptyWithoutAxes renderSeries
信息: org.eclipse.birt.chart.render.EmptyWithoutAxes: renderSeries() [1/2]
十二月 13, 2017 3:28:48 下午 org.eclipse.birt.chart.extension.render.Pie renderSeries
信息: {0}: renderSeries() [{1}/{2}]org.eclipse.birt.chart.extension.render.Pie22
十二月 13, 2017 3:51:36 下午 org.eclipse.birt.chart.device.swt.SwtRendererImpl setProperty
信息: Using graphics context org.eclipse.swt.graphics.GC@GC {-184474498}
十二月 13, 2017 3:51:36 下午 org.eclipse.birt.chart.script.AbstractScriptHandler register
信息: Trying to load Chart Java event handler class...
十二月 13, 2017 3:51:36 下午 org.eclipse.birt.chart.script.AbstractScriptHandler register
信息: A Chart Java event handler class [class org.eclipse.mat.impl.chart.StorageUnitRenderScript] has been loaded successfully.
十二月 13, 2017 3:51:36 下午 org.eclipse.birt.chart.render.EmptyWithoutAxes renderSeries
信息: org.eclipse.birt.chart.render.EmptyWithoutAxes: renderSeries() [1/2]
十二月 13, 2017 3:51:36 下午 org.eclipse.birt.chart.extension.render.Pie renderSeries
信息: {0}: renderSeries() [{1}/{2}]org.eclipse.birt.chart.extension.render.Pie22
